2025-02-09 15:13:13,838 file: tool_utils.py func: tool_utils line No: 77 log will be stored in /home/xq/Learning/ToolChain/hb_mapper_makertbin.log
2025-02-09 15:13:13,839 file: hb_mapper.py func: hb_mapper line No: 132 Start hb_mapper....
2025-02-09 15:13:13,839 file: hb_mapper.py func: hb_mapper line No: 133 hbdk version 3.49.15
2025-02-09 15:13:13,839 file: hb_mapper.py func: hb_mapper line No: 134 horizon_nn version 1.1.0
2025-02-09 15:13:13,839 file: hb_mapper.py func: hb_mapper line No: 135 hb_mapper version 1.24.3
2025-02-09 15:13:13,839 file: hb_mapper_makertbin.py func: hb_mapper_makertbin line No: 530 Start Model Convert....
2025-02-09 15:13:13,841 file: mapper_conf_parser.py func: mapper_conf_parser line No: 105 validating model_parameters...
2025-02-09 15:13:13,841 file: mapper_conf_parser.py func: mapper_conf_parser line No: 260 Using onnx model file: /home/xq/Learning/ToolChain/logs/train_output/yolo11_pose_n/train4/weights/best.onnx
2025-02-09 15:13:13,848 file: onnx_parser.py func: onnx_parser line No: 39 Model input names: ['images']
2025-02-09 15:13:13,848 file: mapper_conf_parser.py func: mapper_conf_parser line No: 264 Model has 1 inputs according to model file
2025-02-09 15:13:13,848 file: mapper_conf_parser.py func: mapper_conf_parser line No: 438 node_dict: {self.node_dict}
2025-02-09 15:13:13,848 file: mapper_conf_parser.py func: mapper_conf_parser line No: 119 validating model_parameters finished
2025-02-09 15:13:13,848 file: mapper_conf_parser.py func: mapper_conf_parser line No: 123 validating input_parameters...
2025-02-09 15:13:13,848 file: mapper_conf_parser.py func: mapper_conf_parser line No: 492 Model name not given in yaml_file, using model name from model file: ['images']
2025-02-09 15:13:13,848 file: mapper_conf_parser.py func: mapper_conf_parser line No: 536 Model input shape not given in yaml_file, using shape from model file: [[1, 3, 640, 640]]
2025-02-09 15:13:13,848 file: mapper_conf_parser.py func: mapper_conf_parser line No: 639 nv12 input type rt received.
2025-02-09 15:13:13,848 file: mapper_conf_parser.py func: mapper_conf_parser line No: 135 validating input_parameters finished
2025-02-09 15:13:13,848 file: mapper_conf_parser.py func: mapper_conf_parser line No: 139 validating calibration_parameters...
2025-02-09 15:13:13,848 file: mapper_conf_parser.py func: mapper_conf_parser line No: 1007 The calibration dir name suffix is not the same as the value float32 of the parameter cal_data_type, the parameter setting will prevail
2025-02-09 15:13:13,848 file: mapper_conf_parser.py func: mapper_conf_parser line No: 155 validating calibration_parameters finished
2025-02-09 15:13:13,848 file: mapper_conf_parser.py func: mapper_conf_parser line No: 159 validating custom_op...
2025-02-09 15:13:13,848 file: mapper_conf_parser.py func: mapper_conf_parser line No: 1076 custom_op does not exist, skipped
2025-02-09 15:13:13,849 file: mapper_conf_parser.py func: mapper_conf_parser line No: 165 validating custom_op finished
2025-02-09 15:13:13,849 file: mapper_conf_parser.py func: mapper_conf_parser line No: 168 validating compiler_parameters...
2025-02-09 15:13:13,849 file: mapper_conf_parser.py func: mapper_conf_parser line No: 1157 Input node images's input_source not set, it will be set to pyramid by default
2025-02-09 15:13:13,849 file: mapper_conf_parser.py func: mapper_conf_parser line No: 183 validating compiler_parameters finished
2025-02-09 15:13:13,849 file: mapper_conf_parser.py func: mapper_conf_parser line No: 187 validating deprecated parameters...
2025-02-09 15:13:13,849 file: mapper_conf_parser.py func: mapper_conf_parser line No: 1272 User input 'preprocess_on' will be deprecated. If you want to simplify the calibration process, please use 'skip' in  'calibration_type'
2025-02-09 15:13:13,849 file: mapper_conf_parser.py func: mapper_conf_parser line No: 193 validating deprecated parameters finished
2025-02-09 15:13:13,849 file: hb_mapper_makertbin.py func: hb_mapper_makertbin line No: 54 Dump config:
2025-02-09 15:13:13,849 file: hb_mapper_makertbin.py func: hb_mapper_makertbin line No: 55 calibration_parameters:
  cal_data_dir: /home/xq/Deep_Learning/Dataset/EnergyGain/buff_format/images/val
  cal_data_type: float32
  calibration_type: default
  preprocess_on: true
compiler_parameters:
  compile_mode: latency
  debug: false
  optimize_level: O3
input_parameters:
  input_layout_train: NCHW
  input_type_rt: nv12
  input_type_train: rgb
  norm_type: data_scale
  scale_value: '0.003921568627451'
model_parameters:
  layer_out_dump: false
  march: bayes-e
  node_info:
    /model.10/m/m.0/attn/Softmax:
      InputType: int16
      'ON': BPU
      OutputType: int16
    /model.10/m/m.1/attn/Softmax:
      InputType: int16
      'ON': BPU
      OutputType: int16
  onnx_model: /home/xq/Learning/ToolChain/logs/train_output/yolo11_pose_n/train4/weights/best.onnx
  output_model_file_prefix: converted_model
  working_dir: /home/xq/Learning/ToolChain/logs/convert_output

2025-02-09 15:13:13,850 file: hb_mapper_makertbin.py func: hb_mapper_makertbin line No: 60 input 'images' : original model shape: [1, 3, 640, 640]
2025-02-09 15:13:13,851 file: loader.py func: loader line No: 204 *******************************************
2025-02-09 15:13:13,851 file: loader.py func: loader line No: 205 First calibration picture name: 0124c7ac-2052.jpg
2025-02-09 15:13:13,851 file: loader.py func: loader line No: 207 First calibration picture md5:
2025-02-09 15:13:13,852 file: loader.py func: loader line No: 211 *******************************************
