2025-02-08 01:27:17,336 file: tool_utils.py func: tool_utils line No: 77 log will be stored in /home/xq/Learning/ToolChain/logs/delete_output/hb_model_modifier.log
2025-02-08 01:27:17,342 file: hb_model_modifier.py func: hb_model_modifier line No: 395 storing info of model: /home/xq/RDK/AI_Toolchain/X5/OE/horizon_x5_open_explorer_v1.2.8-py310_20240926/Model/Buff/buff/buff_dim3.bin
2025-02-08 01:27:17,342 file: hb_model_modifier.py func: hb_model_modifier line No: 398 --------input----------
2025-02-08 01:27:17,342 file: hb_model_modifier.py func: hb_model_modifier line No: 400 name: "images"
type {
  elem_type: INT8
  dim: 1
  dim: 640
  dim: 640
  dim: 3
}

2025-02-08 01:27:17,342 file: hb_model_modifier.py func: hb_model_modifier line No: 401 --------output----------
2025-02-08 01:27:17,342 file: hb_model_modifier.py func: hb_model_modifier line No: 403 name: "output0"
type {
  elem_type: FLOAT
  dim: 1
  dim: 80
  dim: 80
  dim: 64
}

2025-02-08 01:27:17,342 file: hb_model_modifier.py func: hb_model_modifier line No: 403 name: "344"
type {
  elem_type: FLOAT
  dim: 1
  dim: 80
  dim: 80
  dim: 4
}

2025-02-08 01:27:17,342 file: hb_model_modifier.py func: hb_model_modifier line No: 403 name: "352"
type {
  elem_type: FLOAT
  dim: 1
  dim: 40
  dim: 40
  dim: 64
}

2025-02-08 01:27:17,342 file: hb_model_modifier.py func: hb_model_modifier line No: 403 name: "360"
type {
  elem_type: FLOAT
  dim: 1
  dim: 40
  dim: 40
  dim: 4
}

2025-02-08 01:27:17,342 file: hb_model_modifier.py func: hb_model_modifier line No: 403 name: "368"
type {
  elem_type: FLOAT
  dim: 1
  dim: 20
  dim: 20
  dim: 64
}

2025-02-08 01:27:17,342 file: hb_model_modifier.py func: hb_model_modifier line No: 403 name: "376"
type {
  elem_type: FLOAT
  dim: 1
  dim: 20
  dim: 20
  dim: 4
}

2025-02-08 01:27:17,342 file: hb_model_modifier.py func: hb_model_modifier line No: 403 name: "384"
type {
  elem_type: FLOAT
  dim: 1
  dim: 80
  dim: 80
  dim: 15
}

2025-02-08 01:27:17,342 file: hb_model_modifier.py func: hb_model_modifier line No: 403 name: "392"
type {
  elem_type: FLOAT
  dim: 1
  dim: 40
  dim: 40
  dim: 15
}

2025-02-08 01:27:17,342 file: hb_model_modifier.py func: hb_model_modifier line No: 403 name: "400"
type {
  elem_type: FLOAT
  dim: 1
  dim: 20
  dim: 20
  dim: 15
}

2025-02-08 01:27:17,342 file: hb_model_modifier.py func: hb_model_modifier line No: 404 --------value_info----------
2025-02-08 01:27:17,342 file: hb_model_modifier.py func: hb_model_modifier line No: 406 name: "/model.22/cv3.0/cv3.0.2/Conv_output_0_quantized"
type {
  elem_type: INT32
  dim: 1
  dim: 80
  dim: 80
  dim: 4
}

2025-02-08 01:27:17,342 file: hb_model_modifier.py func: hb_model_modifier line No: 406 name: "/model.22/cv2.1/cv2.1.2/Conv_output_0_quantized"
type {
  elem_type: INT32
  dim: 1
  dim: 40
  dim: 40
  dim: 64
}

2025-02-08 01:27:17,342 file: hb_model_modifier.py func: hb_model_modifier line No: 406 name: "/model.22/cv3.1/cv3.1.2/Conv_output_0_quantized"
type {
  elem_type: INT32
  dim: 1
  dim: 40
  dim: 40
  dim: 4
}

2025-02-08 01:27:17,342 file: hb_model_modifier.py func: hb_model_modifier line No: 406 name: "/model.22/cv4.0/cv4.0.2/Conv_output_0_quantized"
type {
  elem_type: INT32
  dim: 1
  dim: 80
  dim: 80
  dim: 15
}

2025-02-08 01:27:17,342 file: hb_model_modifier.py func: hb_model_modifier line No: 406 name: "/model.22/cv4.1/cv4.1.2/Conv_output_0_quantized"
type {
  elem_type: INT32
  dim: 1
  dim: 40
  dim: 40
  dim: 15
}

2025-02-08 01:27:17,342 file: hb_model_modifier.py func: hb_model_modifier line No: 406 name: "/model.22/cv3.2/cv3.2.2/Conv_output_0_quantized"
type {
  elem_type: INT32
  dim: 1
  dim: 20
  dim: 20
  dim: 4
}

2025-02-08 01:27:17,342 file: hb_model_modifier.py func: hb_model_modifier line No: 406 name: "/model.22/cv2.2/cv2.2.2/Conv_output_0_quantized"
type {
  elem_type: INT32
  dim: 1
  dim: 20
  dim: 20
  dim: 64
}

2025-02-08 01:27:17,342 file: hb_model_modifier.py func: hb_model_modifier line No: 406 name: "/model.22/cv4.2/cv4.2.2/Conv_output_0_quantized"
type {
  elem_type: INT32
  dim: 1
  dim: 20
  dim: 20
  dim: 15
}

2025-02-08 01:27:17,342 file: hb_model_modifier.py func: hb_model_modifier line No: 406 name: "/model.22/cv2.0/cv2.0.2/Conv_output_0_quantized"
type {
  elem_type: INT32
  dim: 1
  dim: 80
  dim: 80
  dim: 64
}

2025-02-08 01:27:17,342 file: hb_model_modifier.py func: hb_model_modifier line No: 407 --------node----------
2025-02-08 01:27:17,342 file: hb_model_modifier.py func: hb_model_modifier line No: 409 input: "images"
output: "/model.22/cv2.0/cv2.0.2/Conv_output_0_quantized"
output: "/model.22/cv3.0/cv3.0.2/Conv_output_0_quantized"
output: "/model.22/cv2.1/cv2.1.2/Conv_output_0_quantized"
output: "/model.22/cv3.1/cv3.1.2/Conv_output_0_quantized"
output: "/model.22/cv2.2/cv2.2.2/Conv_output_0_quantized"
output: "/model.22/cv3.2/cv3.2.2/Conv_output_0_quantized"
output: "/model.22/cv4.0/cv4.0.2/Conv_output_0_quantized"
output: "/model.22/cv4.1/cv4.1.2/Conv_output_0_quantized"
output: "/model.22/cv4.2/cv4.2.2/Conv_output_0_quantized"
name: "main_graph_subgraph_0"
op_type: "BPU"

2025-02-08 01:27:17,342 file: hb_model_modifier.py func: hb_model_modifier line No: 409 input: "/model.22/cv2.0/cv2.0.2/Conv_output_0_quantized"
input: "/model.22/cv2.0/cv2.0.2/Conv_x_scale"
output: "output0"
name: "/model.22/cv2.0/cv2.0.2/Conv_output_0_HzDequantize"
op_type: "Dequantize"
attribute {
  name: "axis"
  type: INT
  i: 3
}
attribute {
  name: "output_data_format"
  type: STRING
  s: "NHWC"
}
attribute {
  name: "num_args"
  type: INT
  i: 2
}

2025-02-08 01:27:17,342 file: hb_model_modifier.py func: hb_model_modifier line No: 409 input: "/model.22/cv3.0/cv3.0.2/Conv_output_0_quantized"
input: "/model.22/cv3.0/cv3.0.2/Conv_x_scale"
output: "344"
name: "/model.22/cv3.0/cv3.0.2/Conv_output_0_HzDequantize"
op_type: "Dequantize"
attribute {
  name: "axis"
  type: INT
  i: 3
}
attribute {
  name: "output_data_format"
  type: STRING
  s: "NHWC"
}
attribute {
  name: "num_args"
  type: INT
  i: 2
}

2025-02-08 01:27:17,342 file: hb_model_modifier.py func: hb_model_modifier line No: 409 input: "/model.22/cv2.1/cv2.1.2/Conv_output_0_quantized"
input: "/model.22/cv2.1/cv2.1.2/Conv_x_scale"
output: "352"
name: "/model.22/cv2.1/cv2.1.2/Conv_output_0_HzDequantize"
op_type: "Dequantize"
attribute {
  name: "axis"
  type: INT
  i: 3
}
attribute {
  name: "output_data_format"
  type: STRING
  s: "NHWC"
}
attribute {
  name: "num_args"
  type: INT
  i: 2
}

2025-02-08 01:27:17,342 file: hb_model_modifier.py func: hb_model_modifier line No: 409 input: "/model.22/cv3.1/cv3.1.2/Conv_output_0_quantized"
input: "/model.22/cv3.1/cv3.1.2/Conv_x_scale"
output: "360"
name: "/model.22/cv3.1/cv3.1.2/Conv_output_0_HzDequantize"
op_type: "Dequantize"
attribute {
  name: "axis"
  type: INT
  i: 3
}
attribute {
  name: "output_data_format"
  type: STRING
  s: "NHWC"
}
attribute {
  name: "num_args"
  type: INT
  i: 2
}

2025-02-08 01:27:17,342 file: hb_model_modifier.py func: hb_model_modifier line No: 409 input: "/model.22/cv2.2/cv2.2.2/Conv_output_0_quantized"
input: "/model.22/cv2.2/cv2.2.2/Conv_x_scale"
output: "368"
name: "/model.22/cv2.2/cv2.2.2/Conv_output_0_HzDequantize"
op_type: "Dequantize"
attribute {
  name: "axis"
  type: INT
  i: 3
}
attribute {
  name: "output_data_format"
  type: STRING
  s: "NHWC"
}
attribute {
  name: "num_args"
  type: INT
  i: 2
}

2025-02-08 01:27:17,342 file: hb_model_modifier.py func: hb_model_modifier line No: 409 input: "/model.22/cv3.2/cv3.2.2/Conv_output_0_quantized"
input: "/model.22/cv3.2/cv3.2.2/Conv_x_scale"
output: "376"
name: "/model.22/cv3.2/cv3.2.2/Conv_output_0_HzDequantize"
op_type: "Dequantize"
attribute {
  name: "axis"
  type: INT
  i: 3
}
attribute {
  name: "output_data_format"
  type: STRING
  s: "NHWC"
}
attribute {
  name: "num_args"
  type: INT
  i: 2
}

2025-02-08 01:27:17,342 file: hb_model_modifier.py func: hb_model_modifier line No: 409 input: "/model.22/cv4.0/cv4.0.2/Conv_output_0_quantized"
input: "/model.22/cv4.0/cv4.0.2/Conv_x_scale"
output: "384"
name: "/model.22/cv4.0/cv4.0.2/Conv_output_0_HzDequantize"
op_type: "Dequantize"
attribute {
  name: "axis"
  type: INT
  i: 3
}
attribute {
  name: "output_data_format"
  type: STRING
  s: "NHWC"
}
attribute {
  name: "num_args"
  type: INT
  i: 2
}

2025-02-08 01:27:17,342 file: hb_model_modifier.py func: hb_model_modifier line No: 409 input: "/model.22/cv4.1/cv4.1.2/Conv_output_0_quantized"
input: "/model.22/cv4.1/cv4.1.2/Conv_x_scale"
output: "392"
name: "/model.22/cv4.1/cv4.1.2/Conv_output_0_HzDequantize"
op_type: "Dequantize"
attribute {
  name: "axis"
  type: INT
  i: 3
}
attribute {
  name: "output_data_format"
  type: STRING
  s: "NHWC"
}
attribute {
  name: "num_args"
  type: INT
  i: 2
}

2025-02-08 01:27:17,342 file: hb_model_modifier.py func: hb_model_modifier line No: 409 input: "/model.22/cv4.2/cv4.2.2/Conv_output_0_quantized"
input: "/model.22/cv4.2/cv4.2.2/Conv_x_scale"
output: "400"
name: "/model.22/cv4.2/cv4.2.2/Conv_output_0_HzDequantize"
op_type: "Dequantize"
attribute {
  name: "axis"
  type: INT
  i: 3
}
attribute {
  name: "output_data_format"
  type: STRING
  s: "NHWC"
}
attribute {
  name: "num_args"
  type: INT
  i: 2
}

2025-02-08 01:27:17,342 file: hb_model_modifier.py func: hb_model_modifier line No: 410 --------input_type----------
2025-02-08 01:27:17,342 file: hb_model_modifier.py func: hb_model_modifier line No: 412 7
2025-02-08 01:27:17,342 file: hb_model_modifier.py func: hb_model_modifier line No: 413 --------input_layout----------
2025-02-08 01:27:17,342 file: hb_model_modifier.py func: hb_model_modifier line No: 415 2
2025-02-08 01:27:17,343 file: hb_model_modifier.py func: hb_model_modifier line No: 430 Nodes that can be deleted: ['/model.22/cv2.0/cv2.0.2/Conv_output_0_HzDequantize', '/model.22/cv3.0/cv3.0.2/Conv_output_0_HzDequantize', '/model.22/cv2.1/cv2.1.2/Conv_output_0_HzDequantize', '/model.22/cv3.1/cv3.1.2/Conv_output_0_HzDequantize', '/model.22/cv2.2/cv2.2.2/Conv_output_0_HzDequantize', '/model.22/cv3.2/cv3.2.2/Conv_output_0_HzDequantize', '/model.22/cv4.0/cv4.0.2/Conv_output_0_HzDequantize', '/model.22/cv4.1/cv4.1.2/Conv_output_0_HzDequantize', '/model.22/cv4.2/cv4.2.2/Conv_output_0_HzDequantize']
